<?xml version="1.0" encoding="UTF-8"?>
<!-- Generated by org.testng.reporters.JUnitXMLReporter -->
<testsuite ignored="0" hostname="PCW10MAOC" failures="1" tests="2" name="Default test(failed)" time="7.764" errors="0" timestamp="11 jun 2018 23:24:18 GMT+00:00">
  <testcase classname="automationFramework.EjecutaPrueba" name="Login" time="7.742"/>
  <testcase classname="automationFramework.EjecutaPrueba" name="case2" time="0.001">
    <failure type="java.lang.AssertionError" message="expected:&amp;lt;11&amp;gt; but was:&amp;lt;12&amp;gt;">
      <![CDATA[java.lang.AssertionError: expected:<11> but was:<12>
at automationFramework.EjecutaPrueba.case2(EjecutaPrueba.java:105)
... Removed 30 stack frames]]>
    </failure>
  </testcase> <!-- case2 -->
</testsuite> <!-- Default test(failed) -->
