<?xml version="1.0" encoding="UTF-8"?>
<!-- Generated by org.testng.reporters.JUnitXMLReporter -->
<testsuite ignored="0" hostname="PCW10MAOC" failures="0" tests="4" name="Default test" time="42.207" errors="0" timestamp="17 jul 2018 22:43:29 GMT+00:00">
  <testcase classname="automationFramework.CorreCalculoNomina" name="IngresaSistema" time="0.827"/>
  <testcase classname="automationFramework.CorreCalculoNomina" name="compruebaUrl" time="0.007"/>
  <testcase classname="automationFramework.CorreCalculoNomina" name="compruebaIngreso" time="3.044"/>
  <testcase classname="automationFramework.CorreCalculoNomina" name="ConfiguraCalculo" time="38.304"/>
</testsuite> <!-- Default test -->
