<?xml version="1.0" encoding="UTF-8"?>
<testng-results ignored="0" total="4" passed="4" failed="0" skipped="0">
  <reporter-output>
    <line>
      <![CDATA[se inicializa el navegador y se redirige a la url http://192.168.13.142/NomifacilTest/Default.aspx]]>
    </line>
    <line>
      <![CDATA[Se ingresa el usuario denisse@mltic.com]]>
    </line>
    <line>
      <![CDATA[Se ingresa el pass gobdigital2]]>
    </line>
    <line>
      <![CDATA[Clic en boton ingresar]]>
    </line>
    <line>
      <![CDATA[la url actual es: Home Page]]>
    </line>
    <line>
      <![CDATA[estatus de loggin: true]]>
    </line>
    <line>
      <![CDATA[Se ingresa al modulo de nominas]]>
    </line>
    <line>
      <![CDATA[Se camos clic en el menu de calculo]]>
    </line>
    <line>
      <![CDATA[Se selecciona la compañia: 1.-OPERARIOS]]>
    </line>
    <line>
      <![CDATA[Se selecciona el año: 2018]]>
    </line>
    <line>
      <![CDATA[Se selecciona el periodo: 27 - 2018-07-03 - 2018-07-09 - ABIERTO]]>
    </line>
    <line>
      <![CDATA[Damos clic en el menu calculo]]>
    </line>
    <line>
      <![CDATA[Se ejecuta calculo individual]]>
    </line>
    <line>
      <![CDATA[Se ejecuta calculo individual para el empleado: 01003]]>
    </line>
    <line>
      <![CDATA[se cierra la pagina con exito]]>
    </line>
  </reporter-output>
  <suite started-at="2018-07-17T22:42:47Z" name="Default suite" finished-at="2018-07-17T22:43:29Z" duration-ms="42207">
    <groups>
    </groups>
    <test started-at="2018-07-17T22:42:47Z" name="Default test" finished-at="2018-07-17T22:43:29Z" duration-ms="42207">
      <class name="automationFramework.CorreCalculoNomina">
        <test-method is-config="true" signature="InicializaDriver()[pri:0, instance:automationFramework.CorreCalculoNomina@355ce81c]" started-at="2018-07-17T22:42:44Z" name="InicializaDriver" description="Este metodo inicializa el navegador" finished-at="2018-07-17T22:42:47Z" duration-ms="2864" status="PASS">
          <reporter-output>
            <line>
              <![CDATA[se inicializa el navegador y se redirige a la url http://192.168.13.142/NomifacilTest/Default.aspx]]>
            </line>
          </reporter-output>
        </test-method> <!-- InicializaDriver -->
        <test-method signature="IngresaSistema()[pri:1, instance:automationFramework.CorreCalculoNomina@355ce81c]" started-at="2018-07-17T22:42:47Z" name="IngresaSistema" description="Este caso de prueba navega al sistema e intenta loggearse" finished-at="2018-07-17T22:42:48Z" duration-ms="827" status="PASS">
          <reporter-output>
            <line>
              <![CDATA[Se ingresa el usuario denisse@mltic.com]]>
            </line>
            <line>
              <![CDATA[Se ingresa el pass gobdigital2]]>
            </line>
            <line>
              <![CDATA[Clic en boton ingresar]]>
            </line>
          </reporter-output>
        </test-method> <!-- IngresaSistema -->
        <test-method signature="compruebaUrl()[pri:2, instance:automationFramework.CorreCalculoNomina@355ce81c]" started-at="2018-07-17T22:42:48Z" name="compruebaUrl" description="Este caso de prueba comprueba la direccion del sistema" finished-at="2018-07-17T22:42:48Z" duration-ms="7" status="PASS">
          <reporter-output>
            <line>
              <![CDATA[la url actual es: Home Page]]>
            </line>
          </reporter-output>
        </test-method> <!-- compruebaUrl -->
        <test-method signature="compruebaIngreso()[pri:3, instance:automationFramework.CorreCalculoNomina@355ce81c]" started-at="2018-07-17T22:42:48Z" name="compruebaIngreso" description="Este caso de prueba comprueba el correcto acceso al sistema" finished-at="2018-07-17T22:42:51Z" duration-ms="3044" status="PASS">
          <reporter-output>
            <line>
              <![CDATA[estatus de loggin: true]]>
            </line>
          </reporter-output>
        </test-method> <!-- compruebaIngreso -->
        <test-method signature="ConfiguraCalculo()[pri:4, instance:automationFramework.CorreCalculoNomina@355ce81c]" started-at="2018-07-17T22:42:51Z" name="ConfiguraCalculo" description="Este caso de prueba accede al modulo de nominas y selecciona un periodo" finished-at="2018-07-17T22:43:29Z" duration-ms="38304" status="PASS">
          <reporter-output>
            <line>
              <![CDATA[Se ingresa al modulo de nominas]]>
            </line>
            <line>
              <![CDATA[Se camos clic en el menu de calculo]]>
            </line>
            <line>
              <![CDATA[Se selecciona la compañia: 1.-OPERARIOS]]>
            </line>
            <line>
              <![CDATA[Se selecciona el año: 2018]]>
            </line>
            <line>
              <![CDATA[Se selecciona el periodo: 27 - 2018-07-03 - 2018-07-09 - ABIERTO]]>
            </line>
            <line>
              <![CDATA[Damos clic en el menu calculo]]>
            </line>
            <line>
              <![CDATA[Se ejecuta calculo individual]]>
            </line>
            <line>
              <![CDATA[Se ejecuta calculo individual para el empleado: 01003]]>
            </line>
          </reporter-output>
        </test-method> <!-- ConfiguraCalculo -->
        <test-method is-config="true" signature="cierraPagina()[pri:0, instance:automationFramework.CorreCalculoNomina@355ce81c]" started-at="2018-07-17T22:43:29Z" name="cierraPagina" description="Este metodo cierra el navegador" finished-at="2018-07-17T22:43:29Z" duration-ms="0" status="PASS">
          <reporter-output>
            <line>
              <![CDATA[se cierra la pagina con exito]]>
            </line>
          </reporter-output>
        </test-method> <!-- cierraPagina -->
      </class> <!-- automationFramework.CorreCalculoNomina -->
    </test> <!-- Default test -->
  </suite> <!-- Default suite -->
</testng-results>
